<?xml version="1.0" encoding="UTF-8"?>
<coverage generated="1719120331555" clover="3.2.0">
  <project timestamp="1719120331555" name="All files">
    <metrics statements="26" coveredstatements="7" conditionals="6" coveredconditionals="0" methods="5" coveredmethods="1" elements="37" coveredelements="8" complexity="0" loc="26" ncloc="26" packages="1" files="1" classes="1"/>
    <file name="userStorage.ts" path="/home/anthony/the_odin_project/Truco-Development/backend/userStorage.ts">
      <metrics statements="26" coveredstatements="7" conditionals="6" coveredconditionals="0" methods="5" coveredmethods="1"/>
      <line num="7" count="1" type="stmt"/>
      <line num="10" count="1" type="stmt"/>
      <line num="13" count="1" type="stmt"/>
      <line num="14" count="0" type="stmt"/>
      <line num="15" count="0" type="stmt"/>
      <line num="16" count="0" type="stmt"/>
      <line num="19" count="1" type="stmt"/>
      <line num="21" count="0" type="stmt"/>
      <line num="22" count="0" type="stmt"/>
      <line num="24" count="0" type="cond" truecount="0" falsecount="3"/>
      <line num="25" count="0" type="stmt"/>
      <line num="29" count="0" type="stmt"/>
      <line num="32" count="1" type="stmt"/>
      <line num="33" count="0" type="stmt"/>
      <line num="34" count="0" type="stmt"/>
      <line num="35" count="0" type="stmt"/>
      <line num="37" count="0" type="cond" truecount="0" falsecount="3"/>
      <line num="38" count="0" type="stmt"/>
      <line num="42" count="0" type="stmt"/>
      <line num="45" count="1" type="stmt"/>
      <line num="46" count="0" type="stmt"/>
      <line num="47" count="0" type="stmt"/>
      <line num="48" count="0" type="stmt"/>
      <line num="49" count="0" type="stmt"/>
      <line num="52" count="0" type="stmt"/>
      <line num="58" count="1" type="stmt"/>
    </file>
  </project>
</coverage>
