{"/home/anthony/the_odin_project/Truco-Development/backend/userStorage.ts": {"path":"/home/anthony/the_odin_project/Truco-Development/backend/userStorage.ts","statementMap":{"0":{"start":{"line":7,"column":38},"end":{"line":7,"column":40}},"1":{"start":{"line":10,"column":8},"end":{"line":10,"column":35}},"2":{"start":{"line":13,"column":28},"end":{"line":17,"column":5}},"3":{"start":{"line":14,"column":8},"end":{"line":14,"column":55}},"4":{"start":{"line":15,"column":8},"end":{"line":15,"column":60}},"5":{"start":{"line":16,"column":8},"end":{"line":16,"column":59}},"6":{"start":{"line":19,"column":31},"end":{"line":30,"column":5}},"7":{"start":{"line":21,"column":8},"end":{"line":27,"column":9}},"8":{"start":{"line":21,"column":20},"end":{"line":21,"column":21}},"9":{"start":{"line":22,"column":31},"end":{"line":22,"column":48}},"10":{"start":{"line":24,"column":12},"end":{"line":26,"column":13}},"11":{"start":{"line":25,"column":16},"end":{"line":25,"column":44}},"12":{"start":{"line":29,"column":8},"end":{"line":29,"column":36}},"13":{"start":{"line":32,"column":29},"end":{"line":43,"column":5}},"14":{"start":{"line":33,"column":8},"end":{"line":40,"column":9}},"15":{"start":{"line":33,"column":20},"end":{"line":33,"column":21}},"16":{"start":{"line":34,"column":31},"end":{"line":34,"column":48}},"17":{"start":{"line":35,"column":12},"end":{"line":35,"column":36}},"18":{"start":{"line":37,"column":12},"end":{"line":39,"column":13}},"19":{"start":{"line":38,"column":16},"end":{"line":38,"column":28}},"20":{"start":{"line":42,"column":8},"end":{"line":42,"column":21}},"21":{"start":{"line":45,"column":29},"end":{"line":53,"column":5}},"22":{"start":{"line":46,"column":8},"end":{"line":46,"column":null}},"23":{"start":{"line":47,"column":8},"end":{"line":50,"column":9}},"24":{"start":{"line":47,"column":20},"end":{"line":47,"column":21}},"25":{"start":{"line":48,"column":31},"end":{"line":48,"column":48}},"26":{"start":{"line":49,"column":12},"end":{"line":49,"column":36}},"27":{"start":{"line":52,"column":8},"end":{"line":52,"column":30}},"28":{"start":{"line":58,"column":0},"end":{"line":58,"column":33}}},"fnMap":{"0":{"name":"(anonymous_0)","decl":{"start":{"line":9,"column":4},"end":{"line":9,"column":16}},"loc":{"start":{"line":9,"column":40},"end":{"line":11,"column":5}}},"1":{"name":"(anonymous_1)","decl":{"start":{"line":13,"column":28},"end":{"line":13,"column":29}},"loc":{"start":{"line":13,"column":73},"end":{"line":17,"column":5}}},"2":{"name":"(anonymous_2)","decl":{"start":{"line":19,"column":31},"end":{"line":19,"column":32}},"loc":{"start":{"line":19,"column":71},"end":{"line":30,"column":5}}},"3":{"name":"(anonymous_3)","decl":{"start":{"line":32,"column":29},"end":{"line":32,"column":30}},"loc":{"start":{"line":32,"column":78},"end":{"line":43,"column":5}}},"4":{"name":"(anonymous_4)","decl":{"start":{"line":45,"column":29},"end":{"line":45,"column":47}},"loc":{"start":{"line":45,"column":49},"end":{"line":53,"column":5}}}},"branchMap":{"0":{"loc":{"start":{"line":24,"column":12},"end":{"line":26,"column":13}},"type":"if","locations":[{"start":{"line":24,"column":12},"end":{"line":26,"column":13}}]},"1":{"loc":{"start":{"line":24,"column":15},"end":{"line":24,"column":67}},"type":"binary-expr","locations":[{"start":{"line":24,"column":15},"end":{"line":24,"column":39}},{"start":{"line":24,"column":43},"end":{"line":24,"column":67}}]},"2":{"loc":{"start":{"line":37,"column":12},"end":{"line":39,"column":13}},"type":"if","locations":[{"start":{"line":37,"column":12},"end":{"line":39,"column":13}}]},"3":{"loc":{"start":{"line":37,"column":15},"end":{"line":37,"column":73}},"type":"binary-expr","locations":[{"start":{"line":37,"column":15},"end":{"line":37,"column":39}},{"start":{"line":37,"column":43},"end":{"line":37,"column":73}}]}},"s":{"0":1,"1":1,"2":1,"3":0,"4":0,"5":0,"6":1,"7":0,"8":0,"9":0,"10":0,"11":0,"12":0,"13":1,"14":0,"15":0,"16":0,"17":0,"18":0,"19":0,"20":0,"21":1,"22":0,"23":0,"24":0,"25":0,"26":0,"27":0,"28":1},"f":{"0":1,"1":0,"2":0,"3":0,"4":0},"b":{"0":[0],"1":[0,0],"2":[0],"3":[0,0]}}
}
